
ROM used: 366 (9%)
          366 (9%) including unused fragments

          1 Average locations per line
          8 Average locations per statement

RAM used: 19 (7%) at main() level
          30 (12%) worst case

Stack used: 3 worst case (out of 7 total available)

Lines Stmts  %   Files
----- ----- ---  -----
  117    46 100  main.c
  328     0   0  ..\..\..\Archivos de programa\PICC\devices\16F689.h
----- -----
  445    46 Total

Page ROM  %  RAM   Vol Diff  Functions:
---- --- --- ---   --- ----  ----------
0     17   5   1             @delay_us1
0     10   3   0    98  2.9  intTareas
0    125  34   7   218  3.4  PWM
 Inline        5   272  4.3  @MUL1616
 Inline        5   284  4.6  @DIV1616
0    150  41   2   928  6.2  MAIN
0     11   3   0   490  6.8  @const60

Program metrics:
    Functions               6
    Statements              46
    Comments                88
    Volume (V)              3256
    Difficilty (D)          28.3
    Effort to implement (E) 92198
    Time to implement (T)   1 hours, 25 minutes
    Est Delivered Bugs (B)  1
    Cyclomatic Complexity   9
    Maintainability (MI)    88

 Segment     Used  Free
-----------  ----  ----
00000-00003     4  0  
00004-00034    49  0  
00035-007FF   313  1682  
00800-00FFF     0  2048  



